<?xml version="1.0" encoding="UTF-8"?>
<testsuite xmlns:xsi="http://www.w3.org/2001/XMLSchema-instance" xsi:noNamespaceSchemaLocation="https://maven.apache.org/surefire/maven-surefire-plugin/xsd/surefire-test-report-3.0.xsd" version="3.0" name="SwitchColonFunctionalTests" time="1.34" tests="6" errors="0" skipped="0" failures="0">
  <properties>
[...]
</properties>
  <testcase name="testMostPrimitiveCase2" classname="SwitchColonFunctionalTests" time="1.019">
    <system-out><![CDATA[-------------------------------
testMostPrimitiveCase2
1default3
1default3
-------------------------------
testMostPrimitiveCase2
1default3
1default3
-------------------------------
testMostPrimitiveCase2
default3
default3
-------------------------------
testMostPrimitiveCase2
3
3
-------------------------------
testMostPrimitiveCase2
default3
default3
-------------------------------
testMostPrimitiveCase2
default3
default3
-------------------------------
testMostPrimitiveCase2
default3
default3
-------------------------------
testMostPrimitiveCase2
default3
default3
-------------------------------
testMostPrimitiveCase2
default3
default3
-------------------------------
testMostPrimitiveCase2
default3
default3
]]></system-out>
    <system-err><![CDATA[SLF4J: Failed to load class "org.slf4j.impl.StaticLoggerBinder".
SLF4J: Defaulting to no-operation (NOP) logger implementation
SLF4J: See http://www.slf4j.org/codes.html#StaticLoggerBinder for further details.
]]></system-err>
  </testcase>
  <testcase name="testMostPrimitiveCase" classname="SwitchColonFunctionalTests" time="0.057">
    <system-out><![CDATA[-------------------------------
testMostPrimitiveCase
12default3
12default3
-------------------------------
testMostPrimitiveCase
12default3
12default3
-------------------------------
testMostPrimitiveCase
2default3
2default3
-------------------------------
testMostPrimitiveCase
3
3
-------------------------------
testMostPrimitiveCase
default3
default3
-------------------------------
testMostPrimitiveCase
default3
default3
-------------------------------
testMostPrimitiveCase
default3
default3
-------------------------------
testMostPrimitiveCase
default3
default3
-------------------------------
testMostPrimitiveCase
default3
default3
-------------------------------
testMostPrimitiveCase
default3
default3
]]></system-out>
  </testcase>
  <testcase name="testEmptyCase" classname="SwitchColonFunctionalTests" time="0.055">
    <system-out><![CDATA[-------------------------------
testEmptyCase
getValue is called
getValue is called
-------------------------------
testEmptyCase
getValue is called
getValue is called
-------------------------------
testEmptyCase
getValue is called
getValue is called
-------------------------------
testEmptyCase
getValue is called
getValue is called
-------------------------------
testEmptyCase
getValue is called
getValue is called
-------------------------------
testEmptyCase
getValue is called
getValue is called
-------------------------------
testEmptyCase
getValue is called
getValue is called
-------------------------------
testEmptyCase
getValue is called
getValue is called
-------------------------------
testEmptyCase
getValue is called
getValue is called
-------------------------------
testEmptyCase
getValue is called
getValue is called
]]></system-out>
  </testcase>
  <testcase name="testFromTask" classname="SwitchColonFunctionalTests" time="0.052">
    <system-out><![CDATA[-------------------------------
testFromTask
BEFORE0
BEFORE0
-------------------------------
testFromTask
BEFORE1111111111AFTER
BEFORE1111111111AFTER
-------------------------------
testFromTask
BEFOREDEFAULT22DEFAULT22DEFAULT22DEFAULT22DEFAULT22DEFAULT22DEFAULT22DEFAULT22DEFAULT22DEFAULT22AFTER
BEFOREDEFAULT22DEFAULT22DEFAULT22DEFAULT22DEFAULT22DEFAULT22DEFAULT22DEFAULT22DEFAULT22DEFAULT22AFTER
-------------------------------
testFromTask
BEFORE23232323232323232323AFTER
BEFORE23232323232323232323AFTER
-------------------------------
testFromTask
BEFOREDEFAULT24DEFAULT24DEFAULT24DEFAULT24DEFAULT24DEFAULT24DEFAULT24DEFAULT24DEFAULT24DEFAULT24AFTER
BEFOREDEFAULT24DEFAULT24DEFAULT24DEFAULT24DEFAULT24DEFAULT24DEFAULT24DEFAULT24DEFAULT24DEFAULT24AFTER
-------------------------------
testFromTask
BEFOREDEFAULT25DEFAULT25DEFAULT25DEFAULT25DEFAULT25DEFAULT25DEFAULT25DEFAULT25DEFAULT25DEFAULT25AFTER
BEFOREDEFAULT25DEFAULT25DEFAULT25DEFAULT25DEFAULT25DEFAULT25DEFAULT25DEFAULT25DEFAULT25DEFAULT25AFTER
-------------------------------
testFromTask
BEFORE26262626262626262626AFTER
BEFORE26262626262626262626AFTER
-------------------------------
testFromTask
BEFOREDEFAULT27DEFAULT27DEFAULT27DEFAULT27DEFAULT27DEFAULT27DEFAULT27DEFAULT27DEFAULT27DEFAULT27AFTER
BEFOREDEFAULT27DEFAULT27DEFAULT27DEFAULT27DEFAULT27DEFAULT27DEFAULT27DEFAULT27DEFAULT27DEFAULT27AFTER
-------------------------------
testFromTask
BEFOREDEFAULT28DEFAULT28DEFAULT28DEFAULT28DEFAULT28DEFAULT28DEFAULT28DEFAULT28DEFAULT28DEFAULT28AFTER
BEFOREDEFAULT28DEFAULT28DEFAULT28DEFAULT28DEFAULT28DEFAULT28DEFAULT28DEFAULT28DEFAULT28DEFAULT28AFTER
-------------------------------
testFromTask
BEFOREDEFAULT29DEFAULT29DEFAULT29DEFAULT29DEFAULT29DEFAULT29DEFAULT29DEFAULT29DEFAULT29DEFAULT29AFTER
BEFOREDEFAULT29DEFAULT29DEFAULT29DEFAULT29DEFAULT29DEFAULT29DEFAULT29DEFAULT29DEFAULT29DEFAULT29AFTER
]]></system-out>
  </testcase>
  <testcase name="testColonSwitchWithReturns" classname="SwitchColonFunctionalTests" time="0.054">
    <system-out><![CDATA[-------------------------------
testColonSwitchWithReturns
1
1
-------------------------------
testColonSwitchWithReturns
1
1
-------------------------------
testColonSwitchWithReturns
2
2
-------------------------------
testColonSwitchWithReturns
0
0
-------------------------------
testColonSwitchWithReturns
0
0
-------------------------------
testColonSwitchWithReturns
0
0
-------------------------------
testColonSwitchWithReturns
0
0
-------------------------------
testColonSwitchWithReturns
0
0
-------------------------------
testColonSwitchWithReturns
0
0
-------------------------------
testColonSwitchWithReturns
0
0
]]></system-out>
  </testcase>
  <testcase name="testColonSwitchStatement" classname="SwitchColonFunctionalTests" time="0.069">
    <system-out><![CDATA[-------------------------------
testColonSwitchStatement
BEFOREDEFAULT0112 or 342 or 344DEFAULT01DEFAULT01DEFAULT01DEFAULT01DEFAULT01AFTER
BEFOREDEFAULT0112 or 342 or 344DEFAULT01DEFAULT01DEFAULT01DEFAULT01DEFAULT01AFTER
-------------------------------
testColonSwitchStatement
BEFOREDEFAULT1112 or 342 or 344DEFAULT11DEFAULT11DEFAULT11DEFAULT11DEFAULT11AFTER
BEFOREDEFAULT1112 or 342 or 344DEFAULT11DEFAULT11DEFAULT11DEFAULT11DEFAULT11AFTER
-------------------------------
testColonSwitchStatement
BEFOREDEFAULT2112 or 342 or 344DEFAULT21DEFAULT21DEFAULT21DEFAULT21DEFAULT21AFTER
BEFOREDEFAULT2112 or 342 or 344DEFAULT21DEFAULT21DEFAULT21DEFAULT21DEFAULT21AFTER
-------------------------------
testColonSwitchStatement
BEFOREDEFAULT3112 or 342 or 344DEFAULT31DEFAULT31DEFAULT31DEFAULT31DEFAULT31AFTER
BEFOREDEFAULT3112 or 342 or 344DEFAULT31DEFAULT31DEFAULT31DEFAULT31DEFAULT31AFTER
-------------------------------
testColonSwitchStatement
BEFOREDEFAULT4112 or 342 or 344DEFAULT41DEFAULT41DEFAULT41DEFAULT41DEFAULT41AFTER
BEFOREDEFAULT4112 or 342 or 344DEFAULT41DEFAULT41DEFAULT41DEFAULT41DEFAULT41AFTER
-------------------------------
testColonSwitchStatement
BEFOREDEFAULT5112 or 342 or 344DEFAULT51DEFAULT51DEFAULT51DEFAULT51DEFAULT51AFTER
BEFOREDEFAULT5112 or 342 or 344DEFAULT51DEFAULT51DEFAULT51DEFAULT51DEFAULT51AFTER
-------------------------------
testColonSwitchStatement
BEFOREDEFAULT6112 or 342 or 344DEFAULT61DEFAULT61DEFAULT61DEFAULT61DEFAULT61AFTER
BEFOREDEFAULT6112 or 342 or 344DEFAULT61DEFAULT61DEFAULT61DEFAULT61DEFAULT61AFTER
-------------------------------
testColonSwitchStatement
BEFOREDEFAULT7112 or 342 or 344DEFAULT71DEFAULT71DEFAULT71DEFAULT71DEFAULT71AFTER
BEFOREDEFAULT7112 or 342 or 344DEFAULT71DEFAULT71DEFAULT71DEFAULT71DEFAULT71AFTER
-------------------------------
testColonSwitchStatement
BEFOREDEFAULT8112 or 342 or 344DEFAULT81DEFAULT81DEFAULT81DEFAULT81DEFAULT81AFTER
BEFOREDEFAULT8112 or 342 or 344DEFAULT81DEFAULT81DEFAULT81DEFAULT81DEFAULT81AFTER
-------------------------------
testColonSwitchStatement
BEFOREDEFAULT9112 or 342 or 344DEFAULT91DEFAULT91DEFAULT91DEFAULT91DEFAULT91AFTER
BEFOREDEFAULT9112 or 342 or 344DEFAULT91DEFAULT91DEFAULT91DEFAULT91DEFAULT91AFTER
]]></system-out>
  </testcase>
</testsuite>